app/build/intermediates/manifest_merge_blame_file/debug/processDebugMainManifest/manifest-merger-blame-debug-report.txt
1<?xml version="1.0" encoding="utf-8"?>
2<manifest xmlns:android="http://schemas.android.com/apk/res/android"
3    package="com.saintnico.verdlyhabits"
4    android:versionCode="1"
5    android:versionName="1.0" >
6
7    <uses-sdk
7-->INJECTED
8        android:minSdkVersion="26"
8-->INJECTED
9        android:targetSdkVersion="36" />
9-->INJECTED
10
11    <uses-permission android:name="android.permission.POST_NOTIFICATIONS" />
11-->src/main/AndroidManifest.xml:5:5-77
11-->src/main/AndroidManifest.xml:5:22-74
12    <uses-permission android:name="android.permission.INTERNET" />
12-->src/main/AndroidManifest.xml:6:5-67
12-->src/main/AndroidManifest.xml:6:22-64
13    <uses-permission android:name="android.permission.CAMERA" />
13-->src/main/AndroidManifest.xml:7:5-65
13-->src/main/AndroidManifest.xml:7:22-62
14    <uses-permission android:name="android.permission.ACCESS_FINE_LOCATION" />
14-->src/main/AndroidManifest.xml:8:5-79
14-->src/main/AndroidManifest.xml:8:22-76
15    <uses-permission android:name="android.permission.ACCESS_COARSE_LOCATION" />
15-->src/main/AndroidManifest.xml:9:5-81
15-->src/main/AndroidManifest.xml:9:22-78
16    <uses-permission android:name="android.permission.VIBRATE" />
16-->src/main/AndroidManifest.xml:10:5-66
16-->src/main/AndroidManifest.xml:10:22-63
17    <uses-permission android:name="android.permission.WAKE_LOCK" />
17-->src/main/AndroidManifest.xml:11:5-68
17-->src/main/AndroidManifest.xml:11:22-65
18    <uses-permission android:name="android.permission.RECEIVE_BOOT_COMPLETED" />
18-->src/main/AndroidManifest.xml:12:5-81
18-->src/main/AndroidManifest.xml:12:22-78
19    <!-- Optional; ReminderScheduler uses inexact alarms when exact scheduling is not allowed (Android 12+). -->
20    <uses-permission android:name="android.permission.SCHEDULE_EXACT_ALARM" />
20-->src/main/AndroidManifest.xml:14:5-79
20-->src/main/AndroidManifest.xml:14:22-76
21    <uses-permission android:name="android.permission.USE_EXACT_ALARM" />
21-->src/main/AndroidManifest.xml:15:5-74
21-->src/main/AndroidManifest.xml:15:22-71
22    <uses-permission android:name="com.android.vending.BILLING" />
22-->src/main/AndroidManifest.xml:16:5-67
22-->src/main/AndroidManifest.xml:16:22-64
23
24    <queries>
24-->[com.android.billingclient:billing:7.1.1] AndroidManifest.xml:12:5-19:15
25        <intent>
25-->[com.android.billingclient:billing:7.1.1] AndroidManifest.xml:13:9-15:18
26            <action android:name="com.android.vending.billing.InAppBillingService.BIND" />
26-->[com.android.billingclient:billing:7.1.1] AndroidManifest.xml:14:13-91
26-->[com.android.billingclient:billing:7.1.1] AndroidManifest.xml:14:21-88
27        </intent>
28        <intent>
28-->[com.android.billingclient:billing:7.1.1] AndroidManifest.xml:16:9-18:18
29            <action android:name="com.google.android.apps.play.billingtestcompanion.BillingOverrideService.BIND" />
29-->[com.android.billingclient:billing:7.1.1] AndroidManifest.xml:17:13-116
29-->[com.android.billingclient:billing:7.1.1] AndroidManifest.xml:17:21-113
30        </intent>
31    </queries>
32
33    <uses-permission android:name="android.permission.ACCESS_NETWORK_STATE" /> <!-- Required by older versions of Google Play services to create IID tokens -->
33-->[com.google.firebase:firebase-auth:23.1.0] AndroidManifest.xml:26:5-79
33-->[com.google.firebase:firebase-auth:23.1.0] AndroidManifest.xml:26:22-76
34    <uses-permission android:name="com.google.android.c2dm.permission.RECEIVE" />
34-->[com.google.firebase:firebase-messaging:24.1.0] AndroidManifest.xml:26:5-82
34-->[com.google.firebase:firebase-messaging:24.1.0] AndroidManifest.xml:26:22-79
35    <uses-permission android:name="com.google.android.finsky.permission.BIND_GET_INSTALL_REFERRER_SERVICE" />
35-->[com.google.android.gms:play-services-measurement:22.1.2] AndroidManifest.xml:26:5-110
35-->[com.google.android.gms:play-services-measurement:22.1.2] AndroidManifest.xml:26:22-107
36    <uses-permission android:name="com.google.android.gms.permission.AD_ID" />
36-->[com.google.android.gms:play-services-measurement-impl:22.1.2] AndroidManifest.xml:27:5-79
36-->[com.google.android.gms:play-services-measurement-impl:22.1.2] AndroidManifest.xml:27:22-76
37    <uses-permission android:name="android.permission.ACCESS_ADSERVICES_ATTRIBUTION" />
37-->[com.google.android.gms:play-services-measurement-api:22.1.2] AndroidManifest.xml:26:5-88
37-->[com.google.android.gms:play-services-measurement-api:22.1.2] AndroidManifest.xml:26:22-85
38    <uses-permission android:name="android.permission.ACCESS_ADSERVICES_AD_ID" />
38-->[com.google.android.gms:play-services-measurement-api:22.1.2] AndroidManifest.xml:27:5-82
38-->[com.google.android.gms:play-services-measurement-api:22.1.2] AndroidManifest.xml:27:22-79
39    <uses-permission android:name="com.google.android.providers.gsf.permission.READ_GSERVICES" />
39-->[com.google.android.recaptcha:recaptcha:18.5.1] AndroidManifest.xml:9:5-98
39-->[com.google.android.recaptcha:recaptcha:18.5.1] AndroidManifest.xml:9:22-95
40    <uses-permission android:name="android.permission.FOREGROUND_SERVICE" />
40-->[androidx.work:work-runtime:2.9.1] AndroidManifest.xml:26:5-77
40-->[androidx.work:work-runtime:2.9.1] AndroidManifest.xml:26:22-74
41    <uses-permission android:name="android.permission.USE_BIOMETRIC" /> <!-- suppress DeprecatedClassUsageInspection -->
41-->[androidx.biometric:biometric:1.4.0-alpha02] AndroidManifest.xml:22:5-72
41-->[androidx.biometric:biometric:1.4.0-alpha02] AndroidManifest.xml:22:22-69
42    <uses-permission android:name="android.permission.USE_FINGERPRINT" />
42-->[androidx.biometric:biometric:1.4.0-alpha02] AndroidManifest.xml:25:5-74
42-->[androidx.biometric:biometric:1.4.0-alpha02] AndroidManifest.xml:25:22-71
43
44    <permission
44-->[androidx.core:core:1.18.0] AndroidManifest.xml:22:5-24:47
45        android:name="com.saintnico.verdlyhabits.DYNAMIC_RECEIVER_NOT_EXPORTED_PERMISSION"
45-->[androidx.core:core:1.18.0] AndroidManifest.xml:23:9-81
46        android:protectionLevel="signature" />
46-->[androidx.core:core:1.18.0] AndroidManifest.xml:24:9-44
47
48    <uses-permission android:name="com.saintnico.verdlyhabits.DYNAMIC_RECEIVER_NOT_EXPORTED_PERMISSION" />
48-->[androidx.core:core:1.18.0] AndroidManifest.xml:26:5-97
48-->[androidx.core:core:1.18.0] AndroidManifest.xml:26:22-94
49
50    <application
50-->src/main/AndroidManifest.xml:18:5-126:19
51        android:allowBackup="true"
51-->src/main/AndroidManifest.xml:19:9-35
52        android:appComponentFactory="androidx.core.app.CoreComponentFactory"
52-->[androidx.core:core:1.18.0] AndroidManifest.xml:28:18-86
53        android:dataExtractionRules="@xml/data_extraction_rules"
53-->src/main/AndroidManifest.xml:20:9-65
54        android:debuggable="true"
55        android:extractNativeLibs="false"
55-->INJECTED
56        android:fullBackupContent="@xml/backup_rules"
56-->src/main/AndroidManifest.xml:21:9-54
57        android:icon="@drawable/app_icon"
57-->src/main/AndroidManifest.xml:22:9-42
58        android:label="@string/app_name"
58-->src/main/AndroidManifest.xml:23:9-41
59        android:roundIcon="@drawable/app_icon"
59-->src/main/AndroidManifest.xml:24:9-47
60        android:supportsRtl="true"
60-->src/main/AndroidManifest.xml:25:9-35
61        android:theme="@style/Theme.Verdly" >
61-->src/main/AndroidManifest.xml:26:9-44
62        <receiver
62-->src/main/AndroidManifest.xml:28:9-93
63            android:name="com.saintnico.verdlyhabits.notifications.ReminderReceiver"
63-->src/main/AndroidManifest.xml:28:19-65
64            android:exported="false" />
64-->src/main/AndroidManifest.xml:28:66-90
65        <receiver
65-->src/main/AndroidManifest.xml:30:9-37:20
66            android:name="com.saintnico.verdlyhabits.notifications.GoalReminderReceiver"
66-->src/main/AndroidManifest.xml:31:13-63
67            android:exported="false" >
67-->src/main/AndroidManifest.xml:32:13-37
68            <intent-filter>
68-->src/main/AndroidManifest.xml:33:13-36:29
69                <action android:name="com.saintnico.verdlyhabits.GOAL_WEEKLY_CHECK_IN" />
69-->src/main/AndroidManifest.xml:34:17-90
69-->src/main/AndroidManifest.xml:34:25-87
70                <action android:name="com.saintnico.verdlyhabits.GOAL_DAILY_WHY" />
70-->src/main/AndroidManifest.xml:35:17-84
70-->src/main/AndroidManifest.xml:35:25-81
71            </intent-filter>
72        </receiver>
73        <receiver
73-->src/main/AndroidManifest.xml:39:9-46:20
74            android:name="com.saintnico.verdlyhabits.notifications.BootReceiver"
74-->src/main/AndroidManifest.xml:40:13-55
75            android:exported="false" >
75-->src/main/AndroidManifest.xml:41:13-37
76            <intent-filter>
76-->src/main/AndroidManifest.xml:42:13-45:29
77                <action android:name="android.intent.action.BOOT_COMPLETED" />
77-->src/main/AndroidManifest.xml:43:17-79
77-->src/main/AndroidManifest.xml:43:25-76
78                <action android:name="android.intent.action.MY_PACKAGE_REPLACED" />
78-->src/main/AndroidManifest.xml:44:17-84
78-->src/main/AndroidManifest.xml:44:25-81
79            </intent-filter>
80        </receiver>
81        <receiver
81-->src/main/AndroidManifest.xml:48:9-58:20
82            android:name="com.saintnico.verdlyhabits.widget.HabitsWidgetReceiver"
82-->src/main/AndroidManifest.xml:49:13-56
83            android:exported="true"
83-->src/main/AndroidManifest.xml:50:13-36
84            android:label="@string/widget_habits_title" >
84-->src/main/AndroidManifest.xml:51:13-56
85            <intent-filter>
85-->src/main/AndroidManifest.xml:52:13-54:29
86                <action android:name="android.appwidget.action.APPWIDGET_UPDATE" />
86-->src/main/AndroidManifest.xml:53:17-84
86-->src/main/AndroidManifest.xml:53:25-81
87            </intent-filter>
88
89            <meta-data
89-->src/main/AndroidManifest.xml:55:13-57:62
90                android:name="android.appwidget.provider"
90-->src/main/AndroidManifest.xml:56:17-58
91                android:resource="@xml/habits_widget_info" />
91-->src/main/AndroidManifest.xml:57:17-59
92        </receiver>
93        <receiver
93-->src/main/AndroidManifest.xml:60:9-70:20
94            android:name="com.saintnico.verdlyhabits.widget.LeaderboardWidgetReceiver"
94-->src/main/AndroidManifest.xml:61:13-61
95            android:exported="true"
95-->src/main/AndroidManifest.xml:62:13-36
96            android:label="@string/widget_leaderboard_title" >
96-->src/main/AndroidManifest.xml:63:13-61
97            <intent-filter>
97-->src/main/AndroidManifest.xml:52:13-54:29
98                <action android:name="android.appwidget.action.APPWIDGET_UPDATE" />
98-->src/main/AndroidManifest.xml:53:17-84
98-->src/main/AndroidManifest.xml:53:25-81
99            </intent-filter>
100
101            <meta-data
101-->src/main/AndroidManifest.xml:55:13-57:62
102                android:name="android.appwidget.provider"
102-->src/main/AndroidManifest.xml:56:17-58
103                android:resource="@xml/leaderboard_widget_info" />
103-->src/main/AndroidManifest.xml:57:17-59
104        </receiver>
105
106        <activity
106-->src/main/AndroidManifest.xml:72:9-103:20
107            android:name="com.saintnico.verdlyhabits.MainActivity"
107-->src/main/AndroidManifest.xml:73:13-41
108            android:exported="true"
108-->src/main/AndroidManifest.xml:74:13-36
109            android:label="@string/app_name"
109-->src/main/AndroidManifest.xml:75:13-45
110            android:theme="@style/Theme.Verdly" >
110-->src/main/AndroidManifest.xml:76:13-48
111            <intent-filter>
111-->src/main/AndroidManifest.xml:77:13-80:29
112                <action android:name="android.intent.action.MAIN" />
112-->src/main/AndroidManifest.xml:78:17-69
112-->src/main/AndroidManifest.xml:78:25-66
113
114                <category android:name="android.intent.category.LAUNCHER" />
114-->src/main/AndroidManifest.xml:79:17-77
114-->src/main/AndroidManifest.xml:79:27-74
115            </intent-filter>
116            <intent-filter android:autoVerify="true" >
116-->src/main/AndroidManifest.xml:82:13-88:29
116-->src/main/AndroidManifest.xml:82:28-53
117                <action android:name="android.intent.action.VIEW" />
117-->src/main/AndroidManifest.xml:83:17-69
117-->src/main/AndroidManifest.xml:83:25-66
118
119                <category android:name="android.intent.category.DEFAULT" />
119-->src/main/AndroidManifest.xml:84:17-76
119-->src/main/AndroidManifest.xml:84:27-73
120                <category android:name="android.intent.category.BROWSABLE" />
120-->src/main/AndroidManifest.xml:85:17-78
120-->src/main/AndroidManifest.xml:85:27-75
121
122                <data
122-->src/main/AndroidManifest.xml:86:17-86
123                    android:host="verdlyhabits.page.link"
123-->src/main/AndroidManifest.xml:86:23-60
124                    android:scheme="https" />
124-->src/main/AndroidManifest.xml:86:61-83
125                <data
125-->src/main/AndroidManifest.xml:86:17-86
126                    android:host="verdlyhabits.page.link"
126-->src/main/AndroidManifest.xml:86:23-60
127                    android:scheme="http" />
127-->src/main/AndroidManifest.xml:86:61-83
128            </intent-filter>
129            <intent-filter>
129-->src/main/AndroidManifest.xml:90:13-95:29
130                <action android:name="android.intent.action.VIEW" />
130-->src/main/AndroidManifest.xml:83:17-69
130-->src/main/AndroidManifest.xml:83:25-66
131
132                <category android:name="android.intent.category.DEFAULT" />
132-->src/main/AndroidManifest.xml:84:17-76
132-->src/main/AndroidManifest.xml:84:27-73
133                <category android:name="android.intent.category.BROWSABLE" />
133-->src/main/AndroidManifest.xml:85:17-78
133-->src/main/AndroidManifest.xml:85:27-75
134
135                <data
135-->src/main/AndroidManifest.xml:86:17-86
136                    android:host="referral"
136-->src/main/AndroidManifest.xml:86:23-60
137                    android:scheme="verdly" />
137-->src/main/AndroidManifest.xml:86:61-83
138            </intent-filter>
139            <intent-filter>
139-->src/main/AndroidManifest.xml:97:13-102:29
140                <action android:name="android.intent.action.VIEW" />
140-->src/main/AndroidManifest.xml:83:17-69
140-->src/main/AndroidManifest.xml:83:25-66
141
142                <category android:name="android.intent.category.DEFAULT" />
142-->src/main/AndroidManifest.xml:84:17-76
142-->src/main/AndroidManifest.xml:84:27-73
143                <category android:name="android.intent.category.BROWSABLE" />
143-->src/main/AndroidManifest.xml:85:17-78
143-->src/main/AndroidManifest.xml:85:27-75
144
145                <data
145-->src/main/AndroidManifest.xml:86:17-86
146                    android:host="verdly.app"
146-->src/main/AndroidManifest.xml:86:23-60
147                    android:pathPrefix="/r"
147-->src/main/AndroidManifest.xml:101:72-95
148                    android:scheme="https" />
148-->src/main/AndroidManifest.xml:86:61-83
149            </intent-filter>
150        </activity>
151
152        <provider
152-->INJECTED
153            android:name="androidx.core.content.FileProvider"
153-->src/main/AndroidManifest.xml:106:13-62
154            android:authorities="com.saintnico.verdlyhabits.fileprovider"
154-->INJECTED
155            android:exported="false"
155-->src/main/AndroidManifest.xml:108:13-37
156            android:grantUriPermissions="true" >
156-->src/main/AndroidManifest.xml:109:13-47
157            <meta-data
157-->src/main/AndroidManifest.xml:110:13-112:54
158                android:name="android.support.FILE_PROVIDER_PATHS"
158-->src/main/AndroidManifest.xml:111:17-67
159                android:resource="@xml/file_paths" />
159-->src/main/AndroidManifest.xml:112:17-51
160        </provider>
161
162        <service
162-->src/main/AndroidManifest.xml:115:9-121:19
163            android:name="com.saintnico.verdlyhabits.notifications.VerdlyFcmService"
163-->src/main/AndroidManifest.xml:116:13-59
164            android:exported="false" >
164-->src/main/AndroidManifest.xml:117:13-37
165            <intent-filter>
165-->src/main/AndroidManifest.xml:118:13-120:29
166                <action android:name="com.google.firebase.MESSAGING_EVENT" />
166-->src/main/AndroidManifest.xml:119:17-78
166-->src/main/AndroidManifest.xml:119:25-75
167            </intent-filter>
168        </service>
169
170        <meta-data
170-->src/main/AndroidManifest.xml:123:9-125:49
171            android:name="com.google.firebase.messaging.default_notification_channel_id"
171-->src/main/AndroidManifest.xml:124:13-89
172            android:value="verdly_challenges" />
172-->src/main/AndroidManifest.xml:125:13-46
173
174        <service
174-->[androidx.health.connect:connect-client:1.1.0-alpha07] AndroidManifest.xml:24:9-32:19
175            android:name="androidx.health.platform.client.impl.sdkservice.HealthDataSdkService"
175-->[androidx.health.connect:connect-client:1.1.0-alpha07] AndroidManifest.xml:25:13-96
176            android:enabled="true"
176-->[androidx.health.connect:connect-client:1.1.0-alpha07] AndroidManifest.xml:26:13-35
177            android:exported="true" >
177-->[androidx.health.connect:connect-client:1.1.0-alpha07] AndroidManifest.xml:27:13-36
178            <intent-filter>
178-->[androidx.health.connect:connect-client:1.1.0-alpha07] AndroidManifest.xml:29:13-31:29
179                <action android:name="androidx.health.platform.client.ACTION_BIND_SDK_SERVICE" />
179-->[androidx.health.connect:connect-client:1.1.0-alpha07] AndroidManifest.xml:30:17-98
179-->[androidx.health.connect:connect-client:1.1.0-alpha07] AndroidManifest.xml:30:25-95
180            </intent-filter>
181        </service>
182
183        <meta-data
183-->[com.android.billingclient:billing:7.1.1] AndroidManifest.xml:22:9-24:37
184            android:name="com.google.android.play.billingclient.version"
184-->[com.android.billingclient:billing:7.1.1] AndroidManifest.xml:23:13-73
185            android:value="7.1.1" />
185-->[com.android.billingclient:billing:7.1.1] AndroidManifest.xml:24:13-34
186
187        <activity
187-->[com.android.billingclient:billing:7.1.1] AndroidManifest.xml:26:9-30:75
188            android:name="com.android.billingclient.api.ProxyBillingActivity"
188-->[com.android.billingclient:billing:7.1.1] AndroidManifest.xml:27:13-78
189            android:configChanges="keyboard|keyboardHidden|screenLayout|screenSize|orientation"
189-->[com.android.billingclient:billing:7.1.1] AndroidManifest.xml:28:13-96
190            android:exported="false"
190-->[com.android.billingclient:billing:7.1.1] AndroidManifest.xml:29:13-37
191            android:theme="@android:style/Theme.Translucent.NoTitleBar" />
191-->[com.android.billingclient:billing:7.1.1] AndroidManifest.xml:30:13-72
192        <activity
192-->[com.android.billingclient:billing:7.1.1] AndroidManifest.xml:31:9-35:75
193            android:name="com.android.billingclient.api.ProxyBillingActivityV2"
193-->[com.android.billingclient:billing:7.1.1] AndroidManifest.xml:32:13-80
194            android:configChanges="keyboard|keyboardHidden|screenLayout|screenSize|orientation"
194-->[com.android.billingclient:billing:7.1.1] AndroidManifest.xml:33:13-96
195            android:exported="false"
195-->[com.android.billingclient:billing:7.1.1] AndroidManifest.xml:34:13-37
196            android:theme="@android:style/Theme.Translucent.NoTitleBar" />
196-->[com.android.billingclient:billing:7.1.1] AndroidManifest.xml:35:13-72
197        <activity
197-->[com.google.firebase:firebase-auth:23.1.0] AndroidManifest.xml:29:9-46:20
198            android:name="com.google.firebase.auth.internal.GenericIdpActivity"
198-->[com.google.firebase:firebase-auth:23.1.0] AndroidManifest.xml:30:13-80
199            android:excludeFromRecents="true"
199-->[com.google.firebase:firebase-auth:23.1.0] AndroidManifest.xml:31:13-46
200            android:exported="true"
200-->[com.google.firebase:firebase-auth:23.1.0] AndroidManifest.xml:32:13-36
201            android:launchMode="singleTask"
201-->[com.google.firebase:firebase-auth:23.1.0] AndroidManifest.xml:33:13-44
202            android:theme="@android:style/Theme.Translucent.NoTitleBar" >
202-->[com.google.firebase:firebase-auth:23.1.0] AndroidManifest.xml:34:13-72
203            <intent-filter>
203-->[com.google.firebase:firebase-auth:23.1.0] AndroidManifest.xml:35:13-45:29
204                <action android:name="android.intent.action.VIEW" />
204-->src/main/AndroidManifest.xml:83:17-69
204-->src/main/AndroidManifest.xml:83:25-66
205
206                <category android:name="android.intent.category.DEFAULT" />
206-->src/main/AndroidManifest.xml:84:17-76
206-->src/main/AndroidManifest.xml:84:27-73
207                <category android:name="android.intent.category.BROWSABLE" />
207-->src/main/AndroidManifest.xml:85:17-78
207-->src/main/AndroidManifest.xml:85:27-75
208
209                <data
209-->src/main/AndroidManifest.xml:86:17-86
210                    android:host="firebase.auth"
210-->src/main/AndroidManifest.xml:86:23-60
211                    android:path="/"
212                    android:scheme="genericidp" />
212-->src/main/AndroidManifest.xml:86:61-83
213            </intent-filter>
214        </activity>
215        <activity
215-->[com.google.firebase:firebase-auth:23.1.0] AndroidManifest.xml:47:9-64:20
216            android:name="com.google.firebase.auth.internal.RecaptchaActivity"
216-->[com.google.firebase:firebase-auth:23.1.0] AndroidManifest.xml:48:13-79
217            android:excludeFromRecents="true"
217-->[com.google.firebase:firebase-auth:23.1.0] AndroidManifest.xml:49:13-46
218            android:exported="true"
218-->[com.google.firebase:firebase-auth:23.1.0] AndroidManifest.xml:50:13-36
219            android:launchMode="singleTask"
219-->[com.google.firebase:firebase-auth:23.1.0] AndroidManifest.xml:51:13-44
220            android:theme="@android:style/Theme.Translucent.NoTitleBar" >
220-->[com.google.firebase:firebase-auth:23.1.0] AndroidManifest.xml:52:13-72
221            <intent-filter>
221-->[com.google.firebase:firebase-auth:23.1.0] AndroidManifest.xml:53:13-63:29
222                <action android:name="android.intent.action.VIEW" />
222-->src/main/AndroidManifest.xml:83:17-69
222-->src/main/AndroidManifest.xml:83:25-66
223
224                <category android:name="android.intent.category.DEFAULT" />
224-->src/main/AndroidManifest.xml:84:17-76
224-->src/main/AndroidManifest.xml:84:27-73
225                <category android:name="android.intent.category.BROWSABLE" />
225-->src/main/AndroidManifest.xml:85:17-78
225-->src/main/AndroidManifest.xml:85:27-75
226
227                <data
227-->src/main/AndroidManifest.xml:86:17-86
228                    android:host="firebase.auth"
228-->src/main/AndroidManifest.xml:86:23-60
229                    android:path="/"
230                    android:scheme="recaptcha" />
230-->src/main/AndroidManifest.xml:86:61-83
231            </intent-filter>
232        </activity>
233
234        <service
234-->[com.google.firebase:firebase-auth:23.1.0] AndroidManifest.xml:66:9-72:19
235            android:name="com.google.firebase.components.ComponentDiscoveryService"
235-->[com.google.firebase:firebase-auth:23.1.0] AndroidManifest.xml:67:13-84
236            android:directBootAware="true"
236-->[com.google.firebase:firebase-common:21.0.0] AndroidManifest.xml:32:13-43
237            android:exported="false" >
237-->[com.google.firebase:firebase-auth:23.1.0] AndroidManifest.xml:68:13-37
238            <meta-data
238-->[com.google.firebase:firebase-auth:23.1.0] AndroidManifest.xml:69:13-71:85
239                android:name="com.google.firebase.components:com.google.firebase.auth.FirebaseAuthRegistrar"
239-->[com.google.firebase:firebase-auth:23.1.0] AndroidManifest.xml:70:17-109
240                android:value="com.google.firebase.components.ComponentRegistrar" />
240-->[com.google.firebase:firebase-auth:23.1.0] AndroidManifest.xml:71:17-82
241            <meta-data
241-->[com.google.firebase:firebase-storage-ktx:21.0.1] AndroidManifest.xml:12:13-14:85
242                android:name="com.google.firebase.components:com.google.firebase.storage.ktx.FirebaseStorageLegacyRegistrar"
242-->[com.google.firebase:firebase-storage-ktx:21.0.1] AndroidManifest.xml:13:17-125
243                android:value="com.google.firebase.components.ComponentRegistrar" />
243-->[com.google.firebase:firebase-storage-ktx:21.0.1] AndroidManifest.xml:14:17-82
244            <meta-data
244-->[com.google.firebase:firebase-storage:21.0.1] AndroidManifest.xml:30:13-32:85
245                android:name="com.google.firebase.components:com.google.firebase.storage.FirebaseStorageKtxRegistrar"
245-->[com.google.firebase:firebase-storage:21.0.1] AndroidManifest.xml:31:17-118
246                android:value="com.google.firebase.components.ComponentRegistrar" />
246-->[com.google.firebase:firebase-storage:21.0.1] AndroidManifest.xml:32:17-82
247            <meta-data
247-->[com.google.firebase:firebase-storage:21.0.1] AndroidManifest.xml:33:13-35:85
248                android:name="com.google.firebase.components:com.google.firebase.storage.StorageRegistrar"
248-->[com.google.firebase:firebase-storage:21.0.1] AndroidManifest.xml:34:17-107
249                android:value="com.google.firebase.components.ComponentRegistrar" />
249-->[com.google.firebase:firebase-storage:21.0.1] AndroidManifest.xml:35:17-82
250            <meta-data
250-->[com.google.firebase:firebase-dynamic-links-ktx:22.1.0] AndroidManifest.xml:25:13-27:85
251                android:name="com.google.firebase.components:com.google.firebase.dynamiclinks.ktx.FirebaseDynamicLinksLegacyRegistrar"
251-->[com.google.firebase:firebase-dynamic-links-ktx:22.1.0] AndroidManifest.xml:26:17-135
252                android:value="com.google.firebase.components.ComponentRegistrar" />
252-->[com.google.firebase:firebase-dynamic-links-ktx:22.1.0] AndroidManifest.xml:27:17-82
253            <meta-data
253-->[com.google.firebase:firebase-dynamic-links:22.1.0] AndroidManifest.xml:24:13-26:85
254                android:name="com.google.firebase.components:com.google.firebase.dynamiclinks.FirebaseDynamicLinksKtxRegistrar"
254-->[com.google.firebase:firebase-dynamic-links:22.1.0] AndroidManifest.xml:25:17-128
255                android:value="com.google.firebase.components.ComponentRegistrar" />
255-->[com.google.firebase:firebase-dynamic-links:22.1.0] AndroidManifest.xml:26:17-82
256            <meta-data
256-->[com.google.firebase:firebase-dynamic-links:22.1.0] AndroidManifest.xml:27:13-29:85
257                android:name="com.google.firebase.components:com.google.firebase.dynamiclinks.internal.FirebaseDynamicLinkRegistrar"
257-->[com.google.firebase:firebase-dynamic-links:22.1.0] AndroidManifest.xml:28:17-133
258                android:value="com.google.firebase.components.ComponentRegistrar" />
258-->[com.google.firebase:firebase-dynamic-links:22.1.0] AndroidManifest.xml:29:17-82
259            <meta-data
259-->[com.google.firebase:firebase-firestore-ktx:25.1.1] AndroidManifest.xml:12:13-14:85
260                android:name="com.google.firebase.components:com.google.firebase.firestore.ktx.FirebaseFirestoreLegacyRegistrar"
260-->[com.google.firebase:firebase-firestore-ktx:25.1.1] AndroidManifest.xml:13:17-129
261                android:value="com.google.firebase.components.ComponentRegistrar" />
261-->[com.google.firebase:firebase-firestore-ktx:25.1.1] AndroidManifest.xml:14:17-82
262            <meta-data
262-->[com.google.firebase:firebase-firestore:25.1.1] AndroidManifest.xml:17:13-19:85
263                android:name="com.google.firebase.components:com.google.firebase.firestore.FirebaseFirestoreKtxRegistrar"
263-->[com.google.firebase:firebase-firestore:25.1.1] AndroidManifest.xml:18:17-122
264                android:value="com.google.firebase.components.ComponentRegistrar" />
264-->[com.google.firebase:firebase-firestore:25.1.1] AndroidManifest.xml:19:17-82
265            <meta-data
265-->[com.google.firebase:firebase-firestore:25.1.1] AndroidManifest.xml:20:13-22:85
266                android:name="com.google.firebase.components:com.google.firebase.firestore.FirestoreRegistrar"
266-->[com.google.firebase:firebase-firestore:25.1.1] AndroidManifest.xml:21:17-111
267                android:value="com.google.firebase.components.ComponentRegistrar" />
267-->[com.google.firebase:firebase-firestore:25.1.1] AndroidManifest.xml:22:17-82
268            <meta-data
268-->[com.google.firebase:firebase-messaging-ktx:24.1.0] AndroidManifest.xml:26:13-28:85
269                android:name="com.google.firebase.components:com.google.firebase.messaging.ktx.FirebaseMessagingLegacyRegistrar"
269-->[com.google.firebase:firebase-messaging-ktx:24.1.0] AndroidManifest.xml:27:17-129
270                android:value="com.google.firebase.components.ComponentRegistrar" />
270-->[com.google.firebase:firebase-messaging-ktx:24.1.0] AndroidManifest.xml:28:17-82
271            <meta-data
271-->[com.google.firebase:firebase-messaging:24.1.0] AndroidManifest.xml:57:13-59:85
272                android:name="com.google.firebase.components:com.google.firebase.messaging.FirebaseMessagingKtxRegistrar"
272-->[com.google.firebase:firebase-messaging:24.1.0] AndroidManifest.xml:58:17-122
273                android:value="com.google.firebase.components.ComponentRegistrar" />
273-->[com.google.firebase:firebase-messaging:24.1.0] AndroidManifest.xml:59:17-82
274            <meta-data
274-->[com.google.firebase:firebase-messaging:24.1.0] AndroidManifest.xml:60:13-62:85
275                android:name="com.google.firebase.components:com.google.firebase.messaging.FirebaseMessagingRegistrar"
275-->[com.google.firebase:firebase-messaging:24.1.0] AndroidManifest.xml:61:17-119
276                android:value="com.google.firebase.components.ComponentRegistrar" />